<?xml version="1.0" encoding="utf-8"?><testsuites name="pytest tests"><testsuite name="pytest" errors="0" failures="0" skipped="1" tests="37" time="35.290" timestamp="2026-07-31T15:24:14.265812+00:00" hostname="agent-env-d40e5bbc-ac84-446f-a5ac-4f4f8b527566"><testcase classname="tests.test_echo_api" name="test_00_health" time="0.310" /><testcase classname="tests.test_echo_api" name="test_01_register_user_a" time="0.332" /><testcase classname="tests.test_echo_api" name="test_02_register_duplicate_email" time="0.130" /><testcase classname="tests.test_echo_api" name="test_03_register_user_b" time="0.357" /><testcase classname="tests.test_echo_api" name="test_04_login_user_a" time="0.346" /><testcase classname="tests.test_echo_api" name="test_05_login_wrong_password" time="0.337" /><testcase classname="tests.test_echo_api" name="test_06_me_initial_onboarded_false" time="0.137" /><testcase classname="tests.test_echo_api" name="test_07_me_missing_token" time="0.107" /><testcase classname="tests.test_echo_api" name="test_07b_me_bogus_bearer_token" time="0.113" /><testcase classname="tests.test_echo_api" name="test_08_auth_session_invalid_session_id" time="0.245" /><testcase classname="tests.test_echo_api" name="test_08b_auth_session_missing_field" time="0.125" /><testcase classname="tests.test_echo_api" name="test_08c_auth_session_empty_string" time="0.099" /><testcase classname="tests.test_echo_api" name="test_09_logout_valid_jwt" time="0.225" /><testcase classname="tests.test_echo_api" name="test_09b_logout_no_auth" time="0.101" /><testcase classname="tests.test_echo_api" name="test_10_onboarding_birth_data_a" time="0.162" /><testcase classname="tests.test_echo_api" name="test_11_onboarding_birth_data_b" time="0.106" /><testcase classname="tests.test_echo_api" name="test_12_me_after_onboarding" time="0.159" /><testcase classname="tests.test_echo_api" name="test_13_natal_chart_structure" time="0.106" /><testcase classname="tests.test_echo_api" name="test_20_horoscope_today_first_call" time="6.071" /><testcase classname="tests.test_echo_api" name="test_21_horoscope_today_second_call_cached" time="0.155" /><testcase classname="tests.test_echo_api" name="test_30_tarot_deck" time="0.112" /><testcase classname="tests.test_echo_api" name="test_31_tarot_daily_first_call" time="6.659" /><testcase classname="tests.test_echo_api" name="test_32_tarot_daily_cached" time="0.279" /><testcase classname="tests.test_echo_api" name="test_33_tarot_manual_draw_first_free" time="5.460" /><testcase classname="tests.test_echo_api" name="test_34_tarot_manual_draw_second_paywall" time="0.158" /><testcase classname="tests.test_echo_api" name="test_40_journal_newest_first" time="0.103" /><testcase classname="tests.test_echo_api" name="test_50_friends_add_invalid_user" time="0.118" /><testcase classname="tests.test_echo_api" name="test_51_friends_add_self" time="0.116" /><testcase classname="tests.test_echo_api" name="test_52_friends_add_b" time="0.112" /><testcase classname="tests.test_echo_api" name="test_53_friends_add_idempotent" time="0.117" /><testcase classname="tests.test_echo_api" name="test_54_friends_list" time="0.131" /><testcase classname="tests.test_echo_api" name="test_55_compatibility_first_call" time="9.259" /><testcase classname="tests.test_echo_api" name="test_56_compatibility_cached" time="0.191" /><testcase classname="tests.test_echo_api" name="test_57_friends_list_with_compat_score" time="0.128" /><testcase classname="tests.test_echo_api" name="test_60_stripe_checkout" time="0.362" /><testcase classname="tests.test_echo_api" name="test_61_stripe_session_retrieval" time="0.000"><skipped type="pytest.skip" message="Stripe checkout returned 503 (env issue: placeholder key)">/app/backend/tests/test_echo_api.py:455: Stripe checkout returned 503 (env issue: placeholder key)</skipped></testcase><testcase classname="tests.test_echo_api" name="test_90_login_lockout_after_5_failures" time="2.031" /></testsuite></testsuites>