<?xml version="1.0" encoding="utf-8"?><testsuites name="pytest tests"><testsuite name="pytest" errors="0" failures="0" skipped="1" tests="37" time="34.516" timestamp="2026-07-31T15:32:36.523878+00:00" hostname="agent-env-d40e5bbc-ac84-446f-a5ac-4f4f8b527566"><testcase classname="backend.tests.test_echo_api" name="test_00_health" time="0.218" /><testcase classname="backend.tests.test_echo_api" name="test_01_register_user_a" time="0.327" /><testcase classname="backend.tests.test_echo_api" name="test_02_register_duplicate_email" time="0.120" /><testcase classname="backend.tests.test_echo_api" name="test_03_register_user_b" time="0.413" /><testcase classname="backend.tests.test_echo_api" name="test_04_login_user_a" time="0.349" /><testcase classname="backend.tests.test_echo_api" name="test_05_login_wrong_password" time="0.320" /><testcase classname="backend.tests.test_echo_api" name="test_06_me_initial_onboarded_false" time="0.105" /><testcase classname="backend.tests.test_echo_api" name="test_07_me_missing_token" time="0.099" /><testcase classname="backend.tests.test_echo_api" name="test_07b_me_bogus_bearer_token" time="0.115" /><testcase classname="backend.tests.test_echo_api" name="test_08_auth_session_invalid_session_id" time="0.235" /><testcase classname="backend.tests.test_echo_api" name="test_08b_auth_session_missing_field" time="0.129" /><testcase classname="backend.tests.test_echo_api" name="test_08c_auth_session_empty_string" time="0.099" /><testcase classname="backend.tests.test_echo_api" name="test_09_logout_valid_jwt" time="0.205" /><testcase classname="backend.tests.test_echo_api" name="test_09b_logout_no_auth" time="0.105" /><testcase classname="backend.tests.test_echo_api" name="test_10_onboarding_birth_data_a" time="0.125" /><testcase classname="backend.tests.test_echo_api" name="test_11_onboarding_birth_data_b" time="0.102" /><testcase classname="backend.tests.test_echo_api" name="test_12_me_after_onboarding" time="0.116" /><testcase classname="backend.tests.test_echo_api" name="test_13_natal_chart_structure" time="0.099" /><testcase classname="backend.tests.test_echo_api" name="test_20_horoscope_today_first_call" time="5.777" /><testcase classname="backend.tests.test_echo_api" name="test_21_horoscope_today_second_call_cached" time="0.145" /><testcase classname="backend.tests.test_echo_api" name="test_30_tarot_deck" time="0.100" /><testcase classname="backend.tests.test_echo_api" name="test_31_tarot_daily_first_call" time="6.121" /><testcase classname="backend.tests.test_echo_api" name="test_32_tarot_daily_cached" time="0.148" /><testcase classname="backend.tests.test_echo_api" name="test_33_tarot_manual_draw_first_free" time="6.469" /><testcase classname="backend.tests.test_echo_api" name="test_34_tarot_manual_draw_second_paywall" time="0.220" /><testcase classname="backend.tests.test_echo_api" name="test_40_journal_newest_first" time="0.104" /><testcase classname="backend.tests.test_echo_api" name="test_50_friends_add_invalid_user" time="0.100" /><testcase classname="backend.tests.test_echo_api" name="test_51_friends_add_self" time="0.115" /><testcase classname="backend.tests.test_echo_api" name="test_52_friends_add_b" time="0.101" /><testcase classname="backend.tests.test_echo_api" name="test_53_friends_add_idempotent" time="0.113" /><testcase classname="backend.tests.test_echo_api" name="test_54_friends_list" time="0.148" /><testcase classname="backend.tests.test_echo_api" name="test_55_compatibility_first_call" time="8.797" /><testcase classname="backend.tests.test_echo_api" name="test_56_compatibility_cached" time="0.148" /><testcase classname="backend.tests.test_echo_api" name="test_57_friends_list_with_compat_score" time="0.110" /><testcase classname="backend.tests.test_echo_api" name="test_60_stripe_checkout" time="0.417" /><testcase classname="backend.tests.test_echo_api" name="test_61_stripe_session_retrieval" time="0.000"><skipped type="pytest.skip" message="Stripe checkout returned 503 (env issue: placeholder key)">/app/backend/tests/test_echo_api.py:455: Stripe checkout returned 503 (env issue: placeholder key)</skipped></testcase><testcase classname="backend.tests.test_echo_api" name="test_90_login_lockout_after_5_failures" time="2.020" /></testsuite></testsuites>